<?xml version="1.0" encoding="UTF-8"?>
<coverage generated="1728822821">
  <project timestamp="1728822821">
    <file name="/home/vsev92/projects/DifferenceCalculator/php-project-48/src/Diff.php">
      <line num="9" type="stmt" count="1"/>
      <line num="10" type="stmt" count="1"/>
      <line num="11" type="stmt" count="1"/>
      <line num="12" type="stmt" count="1"/>
      <line num="13" type="stmt" count="1"/>
      <line num="14" type="stmt" count="1"/>
      <line num="20" type="stmt" count="1"/>
      <line num="21" type="stmt" count="1"/>
      <line num="22" type="stmt" count="1"/>
      <line num="24" type="stmt" count="1"/>
      <line num="25" type="stmt" count="1"/>
      <line num="26" type="stmt" count="1"/>
      <line num="28" type="stmt" count="1"/>
      <line num="29" type="stmt" count="1"/>
      <line num="31" type="stmt" count="1"/>
      <line num="32" type="stmt" count="1"/>
      <line num="36" type="stmt" count="1"/>
      <line num="37" type="stmt" count="1"/>
      <line num="38" type="stmt" count="1"/>
      <line num="40" type="stmt" count="1"/>
      <line num="41" type="stmt" count="1"/>
      <line num="42" type="stmt" count="1"/>
      <line num="47" type="stmt" count="1"/>
      <line num="56" type="stmt" count="1"/>
      <line num="58" type="stmt" count="1"/>
      <line num="60" type="stmt" count="1"/>
      <line num="62" type="stmt" count="1"/>
      <line num="63" type="stmt" count="1"/>
      <line num="64" type="stmt" count="1"/>
      <line num="65" type="stmt" count="1"/>
      <line num="66" type="stmt" count="1"/>
      <line num="69" type="stmt" count="1"/>
      <metrics loc="79" ncloc="79" classes="0" methods="0" coveredmethods="0" conditionals="0" coveredconditionals="0" statements="32" coveredstatements="32" elements="32" coveredelements="32"/>
    </file>
    <file name="/home/vsev92/projects/DifferenceCalculator/php-project-48/src/Parser.php">
      <line num="8" type="stmt" count="1"/>
      <line num="9" type="stmt" count="1"/>
      <line num="10" type="stmt" count="1"/>
      <line num="12" type="stmt" count="0"/>
      <metrics loc="17" ncloc="17" classes="0" methods="0" coveredmethods="0" conditionals="0" coveredconditionals="0" statements="4" coveredstatements="3" elements="4" coveredelements="3"/>
    </file>
    <file name="/home/vsev92/projects/DifferenceCalculator/php-project-48/src/Run.php">
      <line num="9" type="stmt" count="0"/>
      <metrics loc="13" ncloc="13" classes="0" methods="0" coveredmethods="0" conditionals="0" coveredconditionals="0" statements="1" coveredstatements="0" elements="1" coveredelements="0"/>
    </file>
    <metrics files="3" loc="109" ncloc="109" classes="0" methods="0" coveredmethods="0" conditionals="0" coveredconditionals="0" statements="37" coveredstatements="35" elements="37" coveredelements="35"/>
  </project>
</coverage>
